find_executable: checking for cargo... -------------------- yes

--------------------

find_executable: checking for clang... -------------------- yes

--------------------

find_executable: checking for clang++... -------------------- yes

--------------------

find_executable: checking for /Library/Developer/CommandLineTools/usr/bin/ar... -------------------- yes

--------------------

find_executable: checking for install_name_tool... -------------------- yes

--------------------

DYLD_LIBRARY_PATH=.:/Users/petetaylor/.rbenv/versions/3.2.4/lib pkg-config --exists libpq
DYLD_LIBRARY_PATH=.:/Users/petetaylor/.rbenv/versions/3.2.4/lib pkg-config --libs libpq |
=> "-L/opt/homebrew/opt/postgresql@15/lib -lpq\n"
DYLD_LIBRARY_PATH=.:/Users/petetaylor/.rbenv/versions/3.2.4/lib "clang -o conftest -I/Users/petetaylor/.rbenv/versions/3.2.4/include/ruby-3.2.0/arm64-darwin24 -I/Users/petetaylor/.rbenv/versions/3.2.4/include/ruby-3.2.0/ruby/backward -I/Users/petetaylor/.rbenv/versions/3.2.4/include/ruby-3.2.0 -I. -I/opt/homebrew/opt/ruby/include -D_XOPEN_SOURCE -D_DARWIN_C_SOURCE -D_DARWIN_UNLIMITED_SELECT -D_REENTRANT   -fdeclspec -O3 -fno-fast-math -ggdb3 -Wall -Wextra -Wextra-tokens -Wdeprecated-declarations -Wdivision-by-zero -Wdiv-by-zero -Wimplicit-function-declaration -Wimplicit-int -Wmisleading-indentation -Wpointer-arith -Wshorten-64-to-32 -Wwrite-strings -Wold-style-definition -Wmissing-noreturn -Wno-cast-function-type -Wno-constant-logical-operand -Wno-long-long -Wno-missing-field-initializers -Wno-overlength-strings -Wno-parentheses-equality -Wno-self-assign -Wno-tautological-compare -Wno-unused-parameter -Wno-unused-value -Wunused-variable -Wundef  -fno-common -pipe conftest.c  -L. -L/Users/petetaylor/.rbenv/versions/3.2.4/lib -L. -L/opt/homebrew/opt/ruby/lib -fstack-protector-strong -L/opt/homebrew/opt/gmp/lib     -lruby.3.2  -lpthread  "
checked program was:
/* begin */
1: #include "ruby.h"
2: 
3: int main(int argc, char **argv)
4: {
5:   return !!argv[argc];
6: }
/* end */

DYLD_LIBRARY_PATH=.:/Users/petetaylor/.rbenv/versions/3.2.4/lib "clang -o conftest -I/Users/petetaylor/.rbenv/versions/3.2.4/include/ruby-3.2.0/arm64-darwin24 -I/Users/petetaylor/.rbenv/versions/3.2.4/include/ruby-3.2.0/ruby/backward -I/Users/petetaylor/.rbenv/versions/3.2.4/include/ruby-3.2.0 -I. -I/opt/homebrew/opt/ruby/include -D_XOPEN_SOURCE -D_DARWIN_C_SOURCE -D_DARWIN_UNLIMITED_SELECT -D_REENTRANT   -fdeclspec -O3 -fno-fast-math -ggdb3 -Wall -Wextra -Wextra-tokens -Wdeprecated-declarations -Wdivision-by-zero -Wdiv-by-zero -Wimplicit-function-declaration -Wimplicit-int -Wmisleading-indentation -Wpointer-arith -Wshorten-64-to-32 -Wwrite-strings -Wold-style-definition -Wmissing-noreturn -Wno-cast-function-type -Wno-constant-logical-operand -Wno-long-long -Wno-missing-field-initializers -Wno-overlength-strings -Wno-parentheses-equality -Wno-self-assign -Wno-tautological-compare -Wno-unused-parameter -Wno-unused-value -Wunused-variable -Wundef  -fno-common -pipe conftest.c  -L. -L/Users/petetaylor/.rbenv/versions/3.2.4/lib -L. -L/opt/homebrew/opt/ruby/lib -fstack-protector-strong -L/opt/homebrew/opt/gmp/lib     -lruby.3.2 -L/opt/homebrew/opt/postgresql@15/lib -lpq -lpthread  "
checked program was:
/* begin */
1: #include "ruby.h"
2: 
3: int main(int argc, char **argv)
4: {
5:   return !!argv[argc];
6: }
/* end */

DYLD_LIBRARY_PATH=.:/Users/petetaylor/.rbenv/versions/3.2.4/lib pkg-config --cflags-only-I libpq |
=> "-I/opt/homebrew/opt/postgresql@15/include -I/opt/homebrew/Cellar/openssl@3/3.5.1/include\n"
DYLD_LIBRARY_PATH=.:/Users/petetaylor/.rbenv/versions/3.2.4/lib pkg-config --cflags-only-other libpq |
=> "\n"
DYLD_LIBRARY_PATH=.:/Users/petetaylor/.rbenv/versions/3.2.4/lib pkg-config --libs-only-l libpq |
=> "-lpq\n"
package configuration for libpq
incflags: -I/opt/homebrew/opt/postgresql@15/include -I/opt/homebrew/Cellar/openssl@3/3.5.1/include
cflags: 
ldflags: -L/opt/homebrew/opt/postgresql@15/lib
libs: -lpq

